Determining if the pthread_create exist failed with the following output:
Change Dir: /home/piotr/Uczelnia/JiMP2/zadania/ratunku/Lab1/cmake-build-debug/CMakeFiles/CMakeTmp

Run Build Command:"/usr/bin/make" "cmTC_7d33f/fast"
/usr/bin/make -f CMakeFiles/cmTC_7d33f.dir/build.make CMakeFiles/cmTC_7d33f.dir/build
make[1]: Wejście do katalogu '/home/piotr/Uczelnia/JiMP2/zadania/ratunku/Lab1/cmake-build-debug/CMakeFiles/CMakeTmp'
Building C object CMakeFiles/cmTC_7d33f.dir/CheckSymbolExists.c.o
/usr/bin/cc     -o CMakeFiles/cmTC_7d33f.dir/CheckSymbolExists.c.o   -c /home/piotr/Uczelnia/JiMP2/zadania/ratunku/Lab1/cmake-build-debug/CMakeFiles/CMakeTmp/CheckSymbolExists.c
Linking C executable cmTC_7d33f
/home/piotr/IDE/CLion/bin/cmake/bin/cmake -E cmake_link_script CMakeFiles/cmTC_7d33f.dir/link.txt --verbose=1
/usr/bin/cc       CMakeFiles/cmTC_7d33f.dir/CheckSymbolExists.c.o  -o cmTC_7d33f -rdynamic 
CMakeFiles/cmTC_7d33f.dir/CheckSymbolExists.c.o: In function `main':
CheckSymbolExists.c:(.text+0x16): undefined reference to `pthread_create'
collect2: error: ld returned 1 exit status
CMakeFiles/cmTC_7d33f.dir/build.make:97: polecenia dla obiektu 'cmTC_7d33f' nie powiodły się
make[1]: *** [cmTC_7d33f] Błąd 1
make[1]: Opuszczenie katalogu '/home/piotr/Uczelnia/JiMP2/zadania/ratunku/Lab1/cmake-build-debug/CMakeFiles/CMakeTmp'
Makefile:126: polecenia dla obiektu 'cmTC_7d33f/fast' nie powiodły się
make: *** [cmTC_7d33f/fast] Błąd 2

File /home/piotr/Uczelnia/JiMP2/zadania/ratunku/Lab1/cmake-build-debug/CMakeFiles/CMakeTmp/CheckSymbolExists.c:
/* */
#include <pthread.h>

int main(int argc, char** argv)
{
  (void)argv;
#ifndef pthread_create
  return ((int*)(&pthread_create))[argc];
#else
  (void)argc;
  return 0;
#endif
}

Determining if the function pthread_create exists in the pthreads failed with the following output:
Change Dir: /home/piotr/Uczelnia/JiMP2/zadania/ratunku/Lab1/cmake-build-debug/CMakeFiles/CMakeTmp

Run Build Command:"/usr/bin/make" "cmTC_96447/fast"
/usr/bin/make -f CMakeFiles/cmTC_96447.dir/build.make CMakeFiles/cmTC_96447.dir/build
make[1]: Wejście do katalogu '/home/piotr/Uczelnia/JiMP2/zadania/ratunku/Lab1/cmake-build-debug/CMakeFiles/CMakeTmp'
Building C object CMakeFiles/cmTC_96447.dir/CheckFunctionExists.c.o
/usr/bin/cc    -DCHECK_FUNCTION_EXISTS=pthread_create   -o CMakeFiles/cmTC_96447.dir/CheckFunctionExists.c.o   -c /home/piotr/IDE/CLion/bin/cmake/share/cmake-3.7/Modules/CheckFunctionExists.c
Linking C executable cmTC_96447
/home/piotr/IDE/CLion/bin/cmake/bin/cmake -E cmake_link_script CMakeFiles/cmTC_96447.dir/link.txt --verbose=1
/usr/bin/cc   -DCHECK_FUNCTION_EXISTS=pthread_create    CMakeFiles/cmTC_96447.dir/CheckFunctionExists.c.o  -o cmTC_96447 -rdynamic -lpthreads 
/usr/bin/ld: cannot find -lpthreads
collect2: error: ld returned 1 exit status
CMakeFiles/cmTC_96447.dir/build.make:97: polecenia dla obiektu 'cmTC_96447' nie powiodły się
make[1]: *** [cmTC_96447] Błąd 1
make[1]: Opuszczenie katalogu '/home/piotr/Uczelnia/JiMP2/zadania/ratunku/Lab1/cmake-build-debug/CMakeFiles/CMakeTmp'
Makefile:126: polecenia dla obiektu 'cmTC_96447/fast' nie powiodły się
make: *** [cmTC_96447/fast] Błąd 2


